# JRE version: Java(TM) SE Runtime Environment (8.0_321-b07) (build 1.8.0_321-b07)
# Java VM: Java HotSpot(TM) 64-Bit Server VM (25.321-b07 mixed mode windows-amd64 compressed oops)
Heap:
 PSYoungGen      total 660480K, used 309586K [0x00000000d6780000, 0x0000000100000000, 0x0000000100000000)
  eden space 641536K, 48% used [0x00000000d6780000,0x00000000e95d4810,0x00000000fda00000)
  from space 18944K, 0% used [0x00000000fed80000,0x00000000fed80000,0x0000000100000000)
  to   space 19456K, 0% used [0x00000000fda00000,0x00000000fda00000,0x00000000fed00000)
 ParOldGen       total 82944K, used 28707K [0x0000000083600000, 0x0000000088700000, 0x00000000d6780000)
  object space 82944K, 34% used [0x0000000083600000,0x0000000085208f18,0x0000000088700000)
 Metaspace       used 71573K, capacity 75924K, committed 75980K, reserved 1114112K
  class space    used 9627K, capacity 10442K, committed 10444K, reserved 1048576K
GC Heap History (10 events):
Event: 10.527 GC heap before
{Heap before GC invocations=14 (full 3):
 PSYoungGen      total 395776K, used 7884K [0x00000000d6780000, 0x00000000f9b80000, 0x0000000100000000)
  eden space 378880K, 0% used [0x00000000d6780000,0x00000000d6780000,0x00000000ed980000)
  from space 16896K, 46% used [0x00000000ed980000,0x00000000ee133260,0x00000000eea00000)
  to   space 15872K, 0% used [0x00000000f8c00000,0x00000000f8c00000,0x00000000f9b80000)
 ParOldGen       total 65536K, used 29121K [0x0000000083600000, 0x0000000087600000, 0x00000000d6780000)
  object space 65536K, 44% used [0x0000000083600000,0x00000000852705a0,0x0000000087600000)
 Metaspace       used 58355K, capacity 60904K, committed 61000K, reserved 1101824K
  class space    used 7848K, capacity 8311K, committed 8396K, reserved 1048576K
Event: 10.779 GC heap after
Heap after GC invocations=14 (full 3):
 PSYoungGen      total 395776K, used 0K [0x00000000d6780000, 0x00000000f9b80000, 0x0000000100000000)
  eden space 378880K, 0% used [0x00000000d6780000,0x00000000d6780000,0x00000000ed980000)
  from space 16896K, 0% used [0x00000000ed980000,0x00000000ed980000,0x00000000eea00000)
  to   space 15872K, 0% used [0x00000000f8c00000,0x00000000f8c00000,0x00000000f9b80000)
 ParOldGen       total 82944K, used 25469K [0x0000000083600000, 0x0000000088700000, 0x00000000d6780000)
  object space 82944K, 30% used [0x0000000083600000,0x0000000084edf598,0x0000000088700000)
 Metaspace       used 58351K, capacity 60898K, committed 61000K, reserved 1101824K
  class space    used 7847K, capacity 8310K, committed 8396K, reserved 1048576K
}
Event: 42.540 GC heap before
{Heap before GC invocations=15 (full 3):
 PSYoungGen      total 395776K, used 378880K [0x00000000d6780000, 0x00000000f9b80000, 0x0000000100000000)
  eden space 378880K, 100% used [0x00000000d6780000,0x00000000ed980000,0x00000000ed980000)
  from space 16896K, 0% used [0x00000000ed980000,0x00000000ed980000,0x00000000eea00000)
  to   space 15872K, 0% used [0x00000000f8c00000,0x00000000f8c00000,0x00000000f9b80000)
 ParOldGen       total 82944K, used 25469K [0x0000000083600000, 0x0000000088700000, 0x00000000d6780000)
  object space 82944K, 30% used [0x0000000083600000,0x0000000084edf598,0x0000000088700000)
 Metaspace       used 69406K, capacity 73360K, committed 73548K, reserved 1112064K
  class space    used 9328K, capacity 10058K, committed 10060K, reserved 1048576K
Event: 42.566 GC heap after
Heap after GC invocations=15 (full 3):
 PSYoungGen      total 526336K, used 15843K [0x00000000d6780000, 0x00000000f9b80000, 0x0000000100000000)
  eden space 510464K, 0% used [0x00000000d6780000,0x00000000d6780000,0x00000000f5a00000)
  from space 15872K, 99% used [0x00000000f8c00000,0x00000000f9b78f50,0x00000000f9b80000)
  to   space 18944K, 0% used [0x00000000f7680000,0x00000000f7680000,0x00000000f8900000)
 ParOldGen       total 82944K, used 28487K [0x0000000083600000, 0x0000000088700000, 0x00000000d6780000)
  object space 82944K, 34% used [0x0000000083600000,0x00000000851d1e48,0x0000000088700000)
 Metaspace       used 69406K, capacity 73360K, committed 73548K, reserved 1112064K
  class space    used 9328K, capacity 10058K, committed 10060K, reserved 1048576K
}
Event: 281.806 GC heap before
{Heap before GC invocations=16 (full 3):
 PSYoungGen      total 526336K, used 526307K [0x00000000d6780000, 0x00000000f9b80000, 0x0000000100000000)
  eden space 510464K, 100% used [0x00000000d6780000,0x00000000f5a00000,0x00000000f5a00000)
  from space 15872K, 99% used [0x00000000f8c00000,0x00000000f9b78f50,0x00000000f9b80000)
  to   space 18944K, 0% used [0x00000000f7680000,0x00000000f7680000,0x00000000f8900000)
 ParOldGen       total 82944K, used 28487K [0x0000000083600000, 0x0000000088700000, 0x00000000d6780000)
  object space 82944K, 34% used [0x0000000083600000,0x00000000851d1e48,0x0000000088700000)
 Metaspace       used 70769K, capacity 74960K, committed 75212K, reserved 1114112K
  class space    used 9548K, capacity 10345K, committed 10444K, reserved 1048576K
Event: 281.835 GC heap after
Heap after GC invocations=16 (full 3):
 PSYoungGen      total 558592K, used 4083K [0x00000000d6780000, 0x0000000100000000, 0x0000000100000000)
  eden space 539648K, 0% used [0x00000000d6780000,0x00000000d6780000,0x00000000f7680000)
  from space 18944K, 21% used [0x00000000f7680000,0x00000000f7a7ce48,0x00000000f8900000)
  to   space 18944K, 0% used [0x00000000fed80000,0x00000000fed80000,0x0000000100000000)
 ParOldGen       total 82944K, used 39083K [0x0000000083600000, 0x0000000088700000, 0x00000000d6780000)
  object space 82944K, 47% used [0x0000000083600000,0x0000000085c2aee0,0x0000000088700000)
 Metaspace       used 70769K, capacity 74960K, committed 75212K, reserved 1114112K
  class space    used 9548K, capacity 10345K, committed 10444K, reserved 1048576K
}
Event: 469.338 GC heap before
{Heap before GC invocations=17 (full 3):
 PSYoungGen      total 558592K, used 376475K [0x00000000d6780000, 0x0000000100000000, 0x0000000100000000)
  eden space 539648K, 69% used [0x00000000d6780000,0x00000000ed32a1b0,0x00000000f7680000)
  from space 18944K, 21% used [0x00000000f7680000,0x00000000f7a7ce48,0x00000000f8900000)
  to   space 18944K, 0% used [0x00000000fed80000,0x00000000fed80000,0x0000000100000000)
 ParOldGen       total 82944K, used 39083K [0x0000000083600000, 0x0000000088700000, 0x00000000d6780000)
  object space 82944K, 47% used [0x0000000083600000,0x0000000085c2aee0,0x0000000088700000)
 Metaspace       used 70898K, capacity 75096K, committed 75212K, reserved 1114112K
  class space    used 9572K, capacity 10360K, committed 10444K, reserved 1048576K
Event: 469.347 GC heap after
Heap after GC invocations=17 (full 3):
 PSYoungGen      total 660480K, used 704K [0x00000000d6780000, 0x0000000100000000, 0x0000000100000000)
  eden space 641536K, 0% used [0x00000000d6780000,0x00000000d6780000,0x00000000fda00000)
  from space 18944K, 3% used [0x00000000fed80000,0x00000000fee30000,0x0000000100000000)
  to   space 19456K, 0% used [0x00000000fda00000,0x00000000fda00000,0x00000000fed00000)
 ParOldGen       total 82944K, used 41070K [0x0000000083600000, 0x0000000088700000, 0x00000000d6780000)
  object space 82944K, 49% used [0x0000000083600000,0x0000000085e1b920,0x0000000088700000)
 Metaspace       used 70898K, capacity 75096K, committed 75212K, reserved 1114112K
  class space    used 9572K, capacity 10360K, committed 10444K, reserved 1048576K
}
Event: 469.347 GC heap before
{Heap before GC invocations=18 (full 4):
 PSYoungGen      total 660480K, used 704K [0x00000000d6780000, 0x0000000100000000, 0x0000000100000000)
  eden space 641536K, 0% used [0x00000000d6780000,0x00000000d6780000,0x00000000fda00000)
  from space 18944K, 3% used [0x00000000fed80000,0x00000000fee30000,0x0000000100000000)
  to   space 19456K, 0% used [0x00000000fda00000,0x00000000fda00000,0x00000000fed00000)
 ParOldGen       total 82944K, used 41070K [0x0000000083600000, 0x0000000088700000, 0x00000000d6780000)
  object space 82944K, 49% used [0x0000000083600000,0x0000000085e1b920,0x0000000088700000)
 Metaspace       used 70898K, capacity 75096K, committed 75212K, reserved 1114112K
  class space    used 9572K, capacity 10360K, committed 10444K, reserved 1048576K
Event: 469.632 GC heap after
Heap after GC invocations=18 (full 4):
 PSYoungGen      total 660480K, used 0K [0x00000000d6780000, 0x0000000100000000, 0x0000000100000000)
  eden space 641536K, 0% used [0x00000000d6780000,0x00000000d6780000,0x00000000fda00000)
  from space 18944K, 0% used [0x00000000fed80000,0x00000000fed80000,0x0000000100000000)
  to   space 19456K, 0% used [0x00000000fda00000,0x00000000fda00000,0x00000000fed00000)
 ParOldGen       total 82944K, used 28707K [0x0000000083600000, 0x0000000088700000, 0x00000000d6780000)
  object space 82944K, 34% used [0x0000000083600000,0x0000000085208f18,0x0000000088700000)
 Metaspace       used 70821K, capacity 74920K, committed 75212K, reserved 1114112K
  class space    used 9552K, capacity 10324K, committed 10444K, reserved 1048576K
}

